2025-06-16 10:07:00 | INFO | repo=richrates | action=test | passed=true
2025-12-09 21:49:00 | DEBUG | repo=richrates | action=commit
2025-11-27 21:05:00 | DEBUG | repo=richrates | action=edit | files=5
2025-03-03 20:48:00 | INFO | repo=richrates | action=commit
2025-02-06 12:26:00 | WARN | repo=richrates | action=edit | files=1
2025-01-17 11:41:00 | WARN | repo=richrates | action=commit
2025-11-17 07:35:00 | WARN | repo=richrates | action=commit
2025-08-17 13:32:00 | WARN | repo=richrates | action=commit
2025-03-07 07:08:00 | WARN | repo=richrates | action=commit
2025-11-01 18:35:00 | WARN | repo=richrates | action=commit
2025-10-22 11:53:00 | INFO | repo=richrates | action=commit
2025-06-05 15:45:00 | DEBUG | repo=richrates | action=commit
2025-08-12 14:23:00 | DEBUG | repo=richrates | action=commit
2025-03-18 08:20:00 | INFO | repo=richrates | action=commit
2025-06-15 12:34:00 | WARN | repo=richrates | action=pull
2025-03-25 15:30:00 | INFO | repo=richrates | action=edit | files=3
2025-05-25 13:48:00 | INFO | repo=richrates | action=test | passed=true
2025-06-22 08:45:00 | WARN | repo=richrates | action=edit | files=2
2025-11-16 20:00:00 | INFO | repo=richrates | action=test | passed=true
2025-08-25 18:13:00 | DEBUG | repo=richrates | action=commit
2025-04-17 20:38:00 | DEBUG | repo=richrates | action=test | passed=true
2025-07-01 16:54:00 | WARN | repo=richrates | action=commit
2025-10-13 07:37:00 | DEBUG | repo=richrates | action=commit
2025-08-22 20:19:00 | WARN | repo=richrates | action=edit | files=1
2025-05-18 08:35:00 | INFO | repo=richrates | action=test | passed=true
2025-10-14 21:21:00 | INFO | repo=richrates | action=pull
2025-09-11 12:31:00 | INFO | repo=richrates | action=commit
2025-10-14 08:12:00 | DEBUG | repo=richrates | action=commit
2025-01-01 14:05:00 | WARN | repo=richrates | action=commit
2025-09-05 20:55:00 | INFO | repo=richrates | action=commit
2025-10-23 13:17:00 | INFO | repo=richrates | action=commit
2025-09-18 11:45:00 | WARN | repo=richrates | action=pull
2025-06-17 20:21:00 | WARN | repo=richrates | action=commit
2025-09-27 20:40:00 | DEBUG | repo=richrates | action=commit
2025-06-07 20:44:00 | WARN | repo=richrates | action=commit
2025-11-03 08:43:00 | DEBUG | repo=richrates | action=test | passed=true
2025-09-16 14:49:00 | INFO | repo=richrates | action=commit
2025-08-19 13:50:00 | WARN | repo=richrates | action=edit | files=2
2025-09-27 21:00:00 | DEBUG | repo=richrates | action=commit
2025-06-12 08:34:00 | INFO | repo=richrates | action=edit | files=4
2025-01-01 07:03:00 | WARN | repo=richrates | action=commit
2025-01-04 13:36:00 | INFO | repo=richrates | action=commit
2025-06-26 13:32:00 | WARN | repo=richrates | action=commit
2025-05-17 21:56:00 | DEBUG | repo=richrates | action=test | passed=true
2025-07-14 14:27:00 | DEBUG | repo=richrates | action=edit | files=4
2025-07-01 17:27:00 | DEBUG | repo=richrates | action=test | passed=true
2025-02-06 12:03:00 | WARN | repo=richrates | action=commit
2025-11-09 18:55:00 | DEBUG | repo=richrates | action=edit | files=5
2025-07-18 21:21:00 | INFO | repo=richrates | action=commit
2025-04-21 20:17:00 | DEBUG | repo=richrates | action=commit
2025-03-20 17:08:00 | DEBUG | repo=richrates | action=edit | files=3
2025-04-07 12:35:00 | INFO | repo=richrates | action=commit
2025-08-07 14:00:00 | DEBUG | repo=richrates | action=commit
2025-09-11 10:54:00 | DEBUG | repo=richrates | action=pull
2025-04-02 17:11:00 | WARN | repo=richrates | action=edit | files=5
2025-09-28 10:04:00 | DEBUG | repo=richrates | action=edit | files=5
2025-01-05 21:04:00 | DEBUG | repo=richrates | action=commit
2025-09-16 19:03:00 | INFO | repo=richrates | action=commit
2025-04-16 13:55:00 | DEBUG | repo=richrates | action=commit
2025-12-28 12:32:00 | INFO | repo=richrates | action=test | passed=true
2025-12-19 15:28:00 | INFO | repo=richrates | action=commit
2025-12-13 07:15:00 | INFO | repo=richrates | action=pull
2025-08-24 10:26:00 | DEBUG | repo=richrates | action=commit
2025-05-27 13:47:00 | DEBUG | repo=richrates | action=edit | files=3
2025-01-11 07:04:00 | DEBUG | repo=richrates | action=test | passed=true
2025-04-05 16:57:00 | WARN | repo=richrates | action=pull
2025-04-26 07:30:00 | WARN | repo=richrates | action=commit
2025-07-19 09:35:00 | DEBUG | repo=richrates | action=commit
2025-04-03 21:09:00 | WARN | repo=richrates | action=commit
2025-08-03 09:25:00 | WARN | repo=richrates | action=commit
2025-02-13 19:40:00 | DEBUG | repo=richrates | action=pull
2025-01-27 07:30:00 | INFO | repo=richrates | action=test | passed=true
2025-11-03 16:41:00 | INFO | repo=richrates | action=test | passed=true
2025-12-12 20:19:00 | DEBUG | repo=richrates | action=test | passed=true
2025-04-27 20:04:00 | WARN | repo=richrates | action=edit | files=2
2025-03-07 20:08:00 | WARN | repo=richrates | action=test | passed=true
2025-01-06 10:53:00 | INFO | repo=richrates | action=edit | files=3
2025-10-21 17:35:00 | INFO | repo=richrates | action=commit
2025-02-02 20:14:00 | INFO | repo=richrates | action=test | passed=true
2025-06-15 20:29:00 | DEBUG | repo=richrates | action=test | passed=true
2025-12-03 12:52:00 | INFO | repo=richrates | action=commit
2025-08-11 21:34:00 | DEBUG | repo=richrates | action=commit
2025-01-02 08:34:00 | INFO | repo=richrates | action=edit | files=4
2025-05-10 20:57:00 | DEBUG | repo=richrates | action=pull
2025-04-05 07:49:00 | INFO | repo=richrates | action=pull
2025-03-16 09:44:00 | INFO | repo=richrates | action=pull
2025-08-04 07:26:00 | INFO | repo=richrates | action=commit
2025-05-24 16:36:00 | INFO | repo=richrates | action=pull
2025-02-22 12:42:00 | DEBUG | repo=richrates | action=test | passed=true
2025-08-02 07:48:00 | DEBUG | repo=richrates | action=pull
2025-11-28 15:15:00 | WARN | repo=richrates | action=edit | files=2
2025-09-03 08:57:00 | WARN | repo=richrates | action=commit
2025-01-12 12:25:00 | WARN | repo=richrates | action=commit
2025-04-26 13:55:00 | WARN | repo=richrates | action=pull
2025-04-12 09:17:00 | WARN | repo=richrates | action=commit
2025-10-19 09:39:00 | WARN | repo=richrates | action=pull
2025-06-16 12:36:00 | DEBUG | repo=richrates | action=pull
2025-09-26 18:24:00 | INFO | repo=richrates | action=pull
2025-02-27 17:05:00 | INFO | repo=richrates | action=commit
2025-04-14 15:11:00 | DEBUG | repo=richrates | action=commit
2025-10-13 11:27:00 | DEBUG | repo=richrates | action=commit
2025-12-03 11:04:00 | DEBUG | repo=richrates | action=commit
2025-09-20 17:01:00 | DEBUG | repo=richrates | action=test | passed=true
2025-09-12 17:36:00 | DEBUG | repo=richrates | action=test | passed=true
2025-02-07 19:24:00 | INFO | repo=richrates | action=commit
2025-04-21 08:30:00 | INFO | repo=richrates | action=edit | files=3
2025-06-18 09:19:00 | INFO | repo=richrates | action=commit
2025-09-23 18:59:00 | DEBUG | repo=richrates | action=commit
2025-04-21 16:48:00 | DEBUG | repo=richrates | action=test | passed=true
2025-08-02 08:43:00 | WARN | repo=richrates | action=commit
2025-08-11 07:33:00 | DEBUG | repo=richrates | action=commit
2025-01-06 12:13:00 | INFO | repo=richrates | action=test | passed=true
2025-01-05 08:09:00 | DEBUG | repo=richrates | action=commit
2025-10-13 13:21:00 | WARN | repo=richrates | action=commit
2025-11-09 20:50:00 | WARN | repo=richrates | action=pull
2025-05-15 19:29:00 | WARN | repo=richrates | action=commit
2025-09-12 07:05:00 | INFO | repo=richrates | action=test | passed=true
2025-03-03 08:11:00 | INFO | repo=richrates | action=commit
2025-09-28 21:40:00 | WARN | repo=richrates | action=commit
